<?xml version="1.0" encoding="UTF-8"?>
<!-- Generated by org.testng.reporters.JUnitReportReporter -->
<testsuite hostname="student-virtual-machine" name="za.ac.cput.assets.repository.OwnerCrudTest" tests="3" failures="0" timestamp="18 Sep 2015 12:10:33 GMT" time="0.449" errors="0">
  <testcase name="read" time="0.139" classname="za.ac.cput.assets.repository.OwnerCrudTest"/>
  <testcase name="create" time="0.215" classname="za.ac.cput.assets.repository.OwnerCrudTest"/>
  <testcase name="update" time="0.095" classname="za.ac.cput.assets.repository.OwnerCrudTest"/>
</testsuite> <!-- za.ac.cput.assets.repository.OwnerCrudTest -->
