<?xml version="1.0" encoding="UTF-8"?>
<!-- Generated by org.testng.reporters.JUnitReportReporter -->
<testsuite hostname="student-virtual-machine" name="za.ac.cput.assets.repository.DepartmentTest" tests="4" failures="0" timestamp="18 Sep 2015 12:10:33 GMT" time="3.616" errors="0">
  <testcase name="update" time="0.267" classname="za.ac.cput.assets.repository.DepartmentTest"/>
  <testcase name="read" time="1.521" classname="za.ac.cput.assets.repository.DepartmentTest"/>
  <testcase name="create" time="1.725" classname="za.ac.cput.assets.repository.DepartmentTest"/>
  <testcase name="delete" time="0.103" classname="za.ac.cput.assets.repository.DepartmentTest"/>
</testsuite> <!-- za.ac.cput.assets.repository.DepartmentTest -->
