<?xml version="1.0" encoding="UTF-8"?>
<!-- Generated by org.testng.reporters.JUnitReportReporter -->
<testsuite hostname="student-virtual-machine" name="za.ac.cput.assets.repository.ItemTypeTest" tests="4" failures="0" timestamp="18 Sep 2015 12:10:33 GMT" time="1.244" errors="0">
  <testcase name="create" time="0.413" classname="za.ac.cput.assets.repository.ItemTypeTest"/>
  <testcase name="delete" time="0.106" classname="za.ac.cput.assets.repository.ItemTypeTest"/>
  <testcase name="read" time="0.622" classname="za.ac.cput.assets.repository.ItemTypeTest"/>
  <testcase name="update" time="0.103" classname="za.ac.cput.assets.repository.ItemTypeTest"/>
</testsuite> <!-- za.ac.cput.assets.repository.ItemTypeTest -->
