<?xml version="1.0" encoding="UTF-8"?>
<!-- Generated by org.testng.reporters.JUnitReportReporter -->
<testsuite hostname="student-virtual-machine" name="za.ac.cput.assets.repository.RegionTest" tests="4" failures="0" timestamp="18 Sep 2015 12:10:33 GMT" time="0.356" errors="0">
  <testcase name="delete" time="0.055" classname="za.ac.cput.assets.repository.RegionTest"/>
  <testcase name="update" time="0.141" classname="za.ac.cput.assets.repository.RegionTest"/>
  <testcase name="create" time="0.155" classname="za.ac.cput.assets.repository.RegionTest"/>
  <testcase name="read" time="0.005" classname="za.ac.cput.assets.repository.RegionTest"/>
</testsuite> <!-- za.ac.cput.assets.repository.RegionTest -->
