<?xml version="1.0" encoding="UTF-8"?>
<!-- Generated by org.testng.reporters.JUnitReportReporter -->
<testsuite hostname="student-virtual-machine" name="za.ac.cput.assets.repository.TypeCrudTest" tests="4" failures="0" timestamp="18 Sep 2015 12:10:33 GMT" time="0.708" errors="0">
  <testcase name="read" time="0.004" classname="za.ac.cput.assets.repository.TypeCrudTest"/>
  <testcase name="delete" time="0.110" classname="za.ac.cput.assets.repository.TypeCrudTest"/>
  <testcase name="update" time="0.380" classname="za.ac.cput.assets.repository.TypeCrudTest"/>
  <testcase name="create" time="0.214" classname="za.ac.cput.assets.repository.TypeCrudTest"/>
</testsuite> <!-- za.ac.cput.assets.repository.TypeCrudTest -->
