<?xml version="1.0" encoding="UTF-8" ?>
<testsuite failures="0" time="44.434" errors="0" skipped="0" tests="20" name="TestSuite">
  <properties>
    <property name="java.runtime.name" value="OpenJDK Runtime Environment"/>
    <property name="sun.boot.library.path" value="/usr/lib/jvm/java-7-openjdk-i386/jre/lib/i386"/>
    <property name="java.vm.version" value="24.79-b02"/>
    <property name="java.vm.vendor" value="Oracle Corporation"/>
    <property name="java.vendor.url" value="http://java.oracle.com/"/>
    <property name="path.separator" value=":"/>
    <property name="guice.disable.misplaced.annotation.check" value="true"/>
    <property name="java.vm.name" value="OpenJDK Server VM"/>
    <property name="file.encoding.pkg" value="sun.io"/>
    <property name="user.country" value="ZA"/>
    <property name="sun.java.launcher" value="SUN_STANDARD"/>
    <property name="sun.os.patch.level" value="unknown"/>
    <property name="java.vm.specification.name" value="Java Virtual Machine Specification"/>
    <property name="user.dir" value="/home/student/Desktop/TP3_PROJECT"/>
    <property name="java.runtime.version" value="1.7.0_79-b14"/>
    <property name="java.awt.graphicsenv" value="sun.awt.X11GraphicsEnvironment"/>
    <property name="java.endorsed.dirs" value="/usr/lib/jvm/java-7-openjdk-i386/jre/lib/endorsed"/>
    <property name="os.arch" value="i386"/>
    <property name="java.io.tmpdir" value="/tmp"/>
    <property name="line.separator" value="
"/>
    <property name="java.vm.specification.vendor" value="Oracle Corporation"/>
    <property name="os.name" value="Linux"/>
    <property name="classworlds.conf" value="/usr/share/maven/bin/m2.conf"/>
    <property name="sun.jnu.encoding" value="UTF-8"/>
    <property name="java.library.path" value="/home/student/idea-IU-139.1117.1/bin::/usr/java/packages/lib/i386:/usr/lib/i386-linux-gnu/jni:/lib/i386-linux-gnu:/usr/lib/i386-linux-gnu:/usr/lib/jni:/lib:/usr/lib"/>
    <property name="java.specification.name" value="Java Platform API Specification"/>
    <property name="java.class.version" value="51.0"/>
    <property name="sun.management.compiler" value="HotSpot Tiered Compilers"/>
    <property name="os.version" value="3.13.0-63-generic"/>
    <property name="user.home" value="/home/student"/>
    <property name="user.timezone" value="Africa/Johannesburg"/>
    <property name="java.awt.printerjob" value="sun.print.PSPrinterJob"/>
    <property name="file.encoding" value="UTF-8"/>
    <property name="java.specification.version" value="1.7"/>
    <property name="user.name" value="student"/>
    <property name="java.class.path" value="/usr/share/maven/boot/plexus-classworlds-2.x.jar"/>
    <property name="java.vm.specification.version" value="1.7"/>
    <property name="sun.arch.data.model" value="32"/>
    <property name="java.home" value="/usr/lib/jvm/java-7-openjdk-i386/jre"/>
    <property name="sun.java.command" value="org.codehaus.plexus.classworlds.launcher.Launcher test"/>
    <property name="java.specification.vendor" value="Oracle Corporation"/>
    <property name="user.language" value="en"/>
    <property name="awt.toolkit" value="sun.awt.X11.XToolkit"/>
    <property name="java.vm.info" value="mixed mode"/>
    <property name="java.version" value="1.7.0_79"/>
    <property name="java.ext.dirs" value="/usr/lib/jvm/java-7-openjdk-i386/jre/lib/ext:/usr/java/packages/lib/ext"/>
    <property name="securerandom.source" value="file:/dev/./urandom"/>
    <property name="sun.boot.class.path" value="/usr/lib/jvm/java-7-openjdk-i386/jre/lib/resources.jar:/usr/lib/jvm/java-7-openjdk-i386/jre/lib/rt.jar:/usr/lib/jvm/java-7-openjdk-i386/jre/lib/sunrsasign.jar:/usr/lib/jvm/java-7-openjdk-i386/jre/lib/jsse.jar:/usr/lib/jvm/java-7-openjdk-i386/jre/lib/jce.jar:/usr/lib/jvm/java-7-openjdk-i386/jre/lib/charsets.jar:/usr/lib/jvm/java-7-openjdk-i386/jre/lib/rhino.jar:/usr/lib/jvm/java-7-openjdk-i386/jre/lib/jfr.jar:/usr/lib/jvm/java-7-openjdk-i386/jre/classes"/>
    <property name="java.vendor" value="Oracle Corporation"/>
    <property name="maven.home" value="/usr/share/maven"/>
    <property name="file.separator" value="/"/>
    <property name="java.vendor.url.bug" value="http://bugreport.sun.com/bugreport/"/>
    <property name="sun.cpu.endian" value="little"/>
    <property name="sun.io.unicode.encoding" value="UnicodeLittle"/>
    <property name="sun.cpu.isalist" value=""/>
  </properties>
  <testcase time="1.656" classname="za.ac.cput.assets.repository.DepartmentTest" name="create"/>
  <testcase time="0.388" classname="za.ac.cput.assets.repository.ItemTypeTest" name="create"/>
  <testcase time="0.215" classname="za.ac.cput.assets.repository.OwnerCrudTest" name="create"/>
  <testcase time="0.156" classname="za.ac.cput.assets.repository.RegionTest" name="create"/>
  <testcase time="0.215" classname="za.ac.cput.assets.repository.TypeCrudTest" name="create"/>
  <testcase time="1.521" classname="za.ac.cput.assets.repository.DepartmentTest" name="read"/>
  <testcase time="0.622" classname="za.ac.cput.assets.repository.ItemTypeTest" name="read"/>
  <testcase time="0.136" classname="za.ac.cput.assets.repository.OwnerCrudTest" name="read"/>
  <testcase time="0.005" classname="za.ac.cput.assets.repository.RegionTest" name="read"/>
  <testcase time="0.004" classname="za.ac.cput.assets.repository.TypeCrudTest" name="read"/>
  <testcase time="0.266" classname="za.ac.cput.assets.repository.DepartmentTest" name="update"/>
  <testcase time="0.085" classname="za.ac.cput.assets.repository.ItemTypeTest" name="update"/>
  <testcase time="0.095" classname="za.ac.cput.assets.repository.OwnerCrudTest" name="update"/>
  <testcase time="0.14" classname="za.ac.cput.assets.repository.RegionTest" name="update"/>
  <testcase time="0.378" classname="za.ac.cput.assets.repository.TypeCrudTest" name="update"/>
  <testcase time="0.101" classname="za.ac.cput.assets.repository.DepartmentTest" name="delete"/>
  <testcase time="0.106" classname="za.ac.cput.assets.repository.ItemTypeTest" name="delete"/>
  <testcase time="0.055" classname="za.ac.cput.assets.repository.RegionTest" name="delete"/>
  <testcase time="0.108" classname="za.ac.cput.assets.repository.TypeCrudTest" name="delete"/>
  <testcase time="0.002" classname="za.ac.cput.assets.AppTest" name="testApp on testApp"/>
</testsuite>