<?xml version="1.0" encoding="UTF-8"?>
<!-- Generated by org.testng.reporters.JUnitReportReporter -->
<testsuite hostname="student-virtual-machine" name="za.ac.cput.assets.AppTest" tests="1" failures="0" timestamp="18 Sep 2015 12:10:33 GMT" time="0.003" errors="0">
  <testcase name="testApp" time="0.003" classname="za.ac.cput.assets.AppTest"/>
</testsuite> <!-- za.ac.cput.assets.AppTest -->
